app/build/outputs/logs/manifest-merger-debug-report.txt
-- Merging decision tree log ---
manifest
ADDED from src\main\AndroidManifest.xml:2:1-135:12
	package
		ADDED from src\main\AndroidManifest.xml:3:11-33
		INJECTED from src\main\AndroidManifest.xml
		INJECTED from src\main\AndroidManifest.xml
	android:versionName
		ADDED from src\main\AndroidManifest.xml:5:11-46
		INJECTED from src\main\AndroidManifest.xml
		INJECTED from src\main\AndroidManifest.xml
	android:versionCode
		ADDED from src\main\AndroidManifest.xml:4:11-34
		INJECTED from src\main\AndroidManifest.xml
		INJECTED from src\main\AndroidManifest.xml
	xmlns:android
		ADDED from src\main\AndroidManifest.xml:2:11-69
uses-permission#android.permission.ACCESS_WIFI_STATE
ADDED from src\main\AndroidManifest.xml:8:5-75
	android:name
		ADDED from src\main\AndroidManifest.xml:8:22-73
uses-permission#android.permission.CHANGE_WIFI_STATE
ADDED from src\main\AndroidManifest.xml:9:5-75
	android:name
		ADDED from src\main\AndroidManifest.xml:9:22-73
uses-permission#android.permission.ACCESS_NETWORK_STATE
ADDED from src\main\AndroidManifest.xml:10:5-78
	android:name
		ADDED from src\main\AndroidManifest.xml:10:22-76
uses-permission#android.permission.CHANGE_NETWORK_STATE
ADDED from src\main\AndroidManifest.xml:11:5-78
	android:name
		ADDED from src\main\AndroidManifest.xml:11:22-76
uses-permission#android.permission.INTERNET
ADDED from src\main\AndroidManifest.xml:12:5-66
	android:name
		ADDED from src\main\AndroidManifest.xml:12:22-64
uses-permission#android.permission.MOUNT_UNMOUNT_FILESYSTEMS
ADDED from src\main\AndroidManifest.xml:13:5-83
	android:name
		ADDED from src\main\AndroidManifest.xml:13:22-81
uses-permission#android.permission.GET_TASKS
ADDED from src\main\AndroidManifest.xml:14:5-67
	android:name
		ADDED from src\main\AndroidManifest.xml:14:22-65
uses-permission#android.permission.SYSTEM_ALERT_WINDOW
ADDED from src\main\AndroidManifest.xml:15:5-77
	android:name
		ADDED from src\main\AndroidManifest.xml:15:22-75
uses-permission#android.permission.VIBRATE
ADDED from src\main\AndroidManifest.xml:16:5-65
	android:name
		ADDED from src\main\AndroidManifest.xml:16:22-63
uses-permission#android.permission.RECEIVE_BOOT_COMPLETED
ADDED from src\main\AndroidManifest.xml:18:5-80
	android:name
		ADDED from src\main\AndroidManifest.xml:18:22-78
uses-permission#android.permission.WRITE_EXTERNAL_STORAGE
ADDED from src\main\AndroidManifest.xml:20:5-80
	android:name
		ADDED from src\main\AndroidManifest.xml:20:22-78
uses-permission#android.permission.RECORD_AUDIO
ADDED from src\main\AndroidManifest.xml:21:5-70
	android:name
		ADDED from src\main\AndroidManifest.xml:21:22-68
uses-permission#android.permission.READ_LOGS
ADDED from src\main\AndroidManifest.xml:22:5-67
	android:name
		ADDED from src\main\AndroidManifest.xml:22:22-65
uses-feature#android.hardware.usb.host
ADDED from src\main\AndroidManifest.xml:24:5-61
	android:name
		ADDED from src\main\AndroidManifest.xml:24:19-59
application
ADDED from src\main\AndroidManifest.xml:27:5-133:19
MERGED from [com.orhanobut:logger:1.3] AndroidManifest.xml:11:5-47
MERGED from [com.getbase:floatingactionbutton:1.10.1] AndroidManifest.xml:12:5-20
MERGED from [com.sdsmdg.tastytoast:tastytoast:0.0.2] AndroidManifest.xml:11:5-15:19
MERGED from [com.android.support:appcompat-v7:24.1.1] AndroidManifest.xml:25:5-20
MERGED from [com.android.support:animated-vector-drawable:24.1.1] AndroidManifest.xml:22:5-20
MERGED from [com.android.support:support-vector-drawable:24.1.1] AndroidManifest.xml:23:5-20
MERGED from [com.android.support:support-v4:24.1.1] AndroidManifest.xml:25:5-20
	android:label
		ADDED from src\main\AndroidManifest.xml:31:13-45
	android:supportsRtl
		ADDED from [com.sdsmdg.tastytoast:tastytoast:0.0.2] AndroidManifest.xml:14:9-35
	android:allowBackup
		ADDED from src\main\AndroidManifest.xml:29:13-39
	android:icon
		ADDED from src\main\AndroidManifest.xml:30:13-48
	android:theme
		ADDED from src\main\AndroidManifest.xml:32:13-77
	android:name
		ADDED from src\main\AndroidManifest.xml:28:13-53
activity#com.feng.Activities.TestActivity
ADDED from src\main\AndroidManifest.xml:35:9-40:20
	android:screenOrientation
		ADDED from src\main\AndroidManifest.xml:39:17-54
	android:label
		ADDED from src\main\AndroidManifest.xml:37:17-49
	android:launchMode
		ADDED from src\main\AndroidManifest.xml:38:17-48
	android:name
		ADDED from src\main\AndroidManifest.xml:36:17-64
activity#com.feng.Activities.LoadingActivity
ADDED from src\main\AndroidManifest.xml:41:9-45:20
	android:screenOrientation
		ADDED from src\main\AndroidManifest.xml:44:17-54
	android:label
		ADDED from src\main\AndroidManifest.xml:43:17-49
	android:name
		ADDED from src\main\AndroidManifest.xml:42:17-67
activity#com.feng.Activities.MainActivity
ADDED from src\main\AndroidManifest.xml:46:9-63:20
	android:screenOrientation
		ADDED from src\main\AndroidManifest.xml:50:17-54
	android:label
		ADDED from src\main\AndroidManifest.xml:48:17-49
	android:launchMode
		ADDED from src\main\AndroidManifest.xml:49:17-48
	android:name
		ADDED from src\main\AndroidManifest.xml:47:17-64
intent-filter#android.intent.action.MAIN+android.intent.category.LAUNCHER
ADDED from src\main\AndroidManifest.xml:51:13-55:29
action#android.intent.action.MAIN
ADDED from src\main\AndroidManifest.xml:52:17-68
	android:name
		ADDED from src\main\AndroidManifest.xml:52:25-66
category#android.intent.category.LAUNCHER
ADDED from src\main\AndroidManifest.xml:54:17-76
	android:name
		ADDED from src\main\AndroidManifest.xml:54:27-74
intent-filter#android.hardware.usb.action.USB_DEVICE_ATTACHED
ADDED from src\main\AndroidManifest.xml:56:13-58:29
action#android.hardware.usb.action.USB_DEVICE_ATTACHED
ADDED from src\main\AndroidManifest.xml:57:17-89
	android:name
		ADDED from src\main\AndroidManifest.xml:57:25-87
meta-data#android.hardware.usb.action.USB_DEVICE_ATTACHED
ADDED from src\main\AndroidManifest.xml:60:13-62:60
	android:resource
		ADDED from src\main\AndroidManifest.xml:62:21-58
	android:name
		ADDED from src\main\AndroidManifest.xml:61:21-83
activity#com.feng.Activities.MenuActivity
ADDED from src\main\AndroidManifest.xml:64:9-68:20
	android:screenOrientation
		ADDED from src\main\AndroidManifest.xml:67:17-54
	android:label
		ADDED from src\main\AndroidManifest.xml:66:17-49
	android:name
		ADDED from src\main\AndroidManifest.xml:65:17-64
activity#com.feng.Activities.EditWorkspaceActivity
ADDED from src\main\AndroidManifest.xml:69:9-73:20
	android:screenOrientation
		ADDED from src\main\AndroidManifest.xml:72:17-54
	android:label
		ADDED from src\main\AndroidManifest.xml:71:17-49
	android:name
		ADDED from src\main\AndroidManifest.xml:70:17-73
activity#com.feng.Activities.EditMapActivity
ADDED from src\main\AndroidManifest.xml:74:9-78:20
	android:screenOrientation
		ADDED from src\main\AndroidManifest.xml:77:17-54
	android:label
		ADDED from src\main\AndroidManifest.xml:76:17-49
	android:name
		ADDED from src\main\AndroidManifest.xml:75:17-67
activity#com.feng.Activities.EditRcsActivity
ADDED from src\main\AndroidManifest.xml:79:9-83:20
	android:screenOrientation
		ADDED from src\main\AndroidManifest.xml:82:17-54
	android:label
		ADDED from src\main\AndroidManifest.xml:81:17-49
	android:name
		ADDED from src\main\AndroidManifest.xml:80:17-67
activity#com.feng.Activities.EditArmActivity
ADDED from src\main\AndroidManifest.xml:84:9-88:20
	android:screenOrientation
		ADDED from src\main\AndroidManifest.xml:87:17-54
	android:label
		ADDED from src\main\AndroidManifest.xml:86:17-49
	android:name
		ADDED from src\main\AndroidManifest.xml:85:17-67
activity#com.feng.Activities.EditIatActivity
ADDED from src\main\AndroidManifest.xml:89:9-93:20
	android:screenOrientation
		ADDED from src\main\AndroidManifest.xml:92:17-54
	android:label
		ADDED from src\main\AndroidManifest.xml:91:17-49
	android:name
		ADDED from src\main\AndroidManifest.xml:90:17-67
activity#com.feng.Activities.EditVersionActivity
ADDED from src\main\AndroidManifest.xml:94:9-98:20
	android:screenOrientation
		ADDED from src\main\AndroidManifest.xml:97:17-54
	android:label
		ADDED from src\main\AndroidManifest.xml:96:17-49
	android:name
		ADDED from src\main\AndroidManifest.xml:95:17-71
activity#com.feng.Activities.EditPwdActivity
ADDED from src\main\AndroidManifest.xml:99:9-103:20
	android:screenOrientation
		ADDED from src\main\AndroidManifest.xml:102:17-54
	android:label
		ADDED from src\main\AndroidManifest.xml:101:17-49
	android:name
		ADDED from src\main\AndroidManifest.xml:100:17-67
activity#com.feng.SelfCheck.SelfCheckActivity
ADDED from src\main\AndroidManifest.xml:104:9-108:20
	android:screenOrientation
		ADDED from src\main\AndroidManifest.xml:107:17-54
	android:label
		ADDED from src\main\AndroidManifest.xml:106:17-49
	android:name
		ADDED from src\main\AndroidManifest.xml:105:17-68
service#com.feng.SpeechRecognize.IatService
ADDED from src\main\AndroidManifest.xml:118:9-121:19
	android:persistent
		ADDED from src\main\AndroidManifest.xml:120:17-42
	android:name
		ADDED from src\main\AndroidManifest.xml:119:17-67
receiver#com.feng.Receiver.AutoRunBroadcastReceiver
ADDED from src\main\AndroidManifest.xml:123:9-127:20
	android:name
		ADDED from src\main\AndroidManifest.xml:123:19-76
intent-filter#android.intent.action.BOOT_COMPLETED
ADDED from src\main\AndroidManifest.xml:124:13-126:29
action#android.intent.action.BOOT_COMPLETED
ADDED from src\main\AndroidManifest.xml:125:17-78
	android:name
		ADDED from src\main\AndroidManifest.xml:125:25-76
activity#com.feng.Activities.SettingsActivity
ADDED from src\main\AndroidManifest.xml:129:9-132:20
	android:label
		ADDED from src\main\AndroidManifest.xml:131:17-64
	android:name
		ADDED from src\main\AndroidManifest.xml:130:17-68
uses-sdk
INJECTED from src\main\AndroidManifest.xml reason: use-sdk injection requested
MERGED from [com.orhanobut:logger:1.3] AndroidManifest.xml:7:5-9:41
MERGED from [com.getbase:floatingactionbutton:1.10.1] AndroidManifest.xml:8:5-10:41
MERGED from [com.jakewharton:butterknife:8.2.1] AndroidManifest.xml:5:5-43
MERGED from [com.sdsmdg.tastytoast:tastytoast:0.0.2] AndroidManifest.xml:7:5-9:41
MERGED from [com.android.support:appcompat-v7:24.1.1] AndroidManifest.xml:21:5-23:78
MERGED from [com.android.support:animated-vector-drawable:24.1.1] AndroidManifest.xml:20:5-44
MERGED from [com.android.support:support-vector-drawable:24.1.1] AndroidManifest.xml:21:5-43
MERGED from [com.android.support:support-v4:24.1.1] AndroidManifest.xml:21:5-23:54
	tools:overrideLibrary
		ADDED from [com.android.support:appcompat-v7:24.1.1] AndroidManifest.xml:23:9-75
	android:targetSdkVersion
		INJECTED from src\main\AndroidManifest.xml
		INJECTED from src\main\AndroidManifest.xml
	android:minSdkVersion
		INJECTED from src\main\AndroidManifest.xml
		INJECTED from src\main\AndroidManifest.xml